06/09/2018 08:05:50 PM rising edge on pir
06/09/2018 08:05:56 PM rising edge on pir
06/09/2018 08:05:56 PM delaying: reseting the timer for a new 300 seconds.
06/09/2018 08:06:01 PM rising edge on pir
06/09/2018 08:06:01 PM delaying: reseting the timer for a new 300 seconds.
06/09/2018 08:06:07 PM rising edge on pir
06/09/2018 08:06:07 PM delaying: reseting the timer for a new 300 seconds.
06/09/2018 08:06:13 PM rising edge on pir
06/09/2018 08:06:13 PM delaying: reseting the timer for a new 300 seconds.
06/09/2018 08:06:19 PM rising edge on pir
06/09/2018 08:06:21 PM delaying: reseting the timer for a new 300 seconds.
06/09/2018 08:06:26 PM rising edge on pir
06/09/2018 08:06:26 PM delaying: reseting the timer for a new 300 seconds.
06/09/2018 08:06:31 PM rising edge on pir
06/09/2018 08:06:31 PM delaying: reseting the timer for a new 300 seconds.
06/09/2018 08:06:42 PM rising edge on pir
06/09/2018 08:06:42 PM delaying: reseting the timer for a new 300 seconds.
06/09/2018 08:06:51 PM rising edge on pir
06/09/2018 08:06:51 PM delaying: reseting the timer for a new 300 seconds.
06/09/2018 08:06:57 PM rising edge on pir
06/09/2018 08:06:59 PM delaying: reseting the timer for a new 300 seconds.
06/09/2018 08:07:02 PM rising edge on pir
06/09/2018 08:07:02 PM delaying: reseting the timer for a new 300 seconds.
06/09/2018 08:07:08 PM rising edge on pir
06/09/2018 08:07:08 PM delaying: reseting the timer for a new 300 seconds.
06/09/2018 08:07:13 PM rising edge on pir
06/09/2018 08:07:14 PM delaying: reseting the timer for a new 300 seconds.
06/09/2018 08:07:18 PM rising edge on pir
06/09/2018 08:07:18 PM delaying: reseting the timer for a new 300 seconds.
06/09/2018 08:07:28 PM rising edge on pir
06/09/2018 08:07:28 PM delaying: reseting the timer for a new 300 seconds.
06/09/2018 08:07:45 PM rising edge on pir
06/09/2018 08:07:46 PM delaying: reseting the timer for a new 300 seconds.
06/09/2018 08:07:50 PM rising edge on pir
06/09/2018 08:07:50 PM delaying: reseting the timer for a new 300 seconds.
06/09/2018 08:07:55 PM rising edge on pir
06/09/2018 08:07:55 PM delaying: reseting the timer for a new 300 seconds.
06/09/2018 08:08:32 PM rising edge on pir
06/09/2018 08:08:32 PM delaying: reseting the timer for a new 300 seconds.
06/09/2018 08:08:44 PM rising edge on pir
06/09/2018 08:08:44 PM delaying: reseting the timer for a new 300 seconds.
06/09/2018 08:08:49 PM rising edge on pir
06/09/2018 08:08:49 PM delaying: reseting the timer for a new 300 seconds.
06/09/2018 08:08:56 PM rising edge on pir
06/09/2018 08:08:56 PM delaying: reseting the timer for a new 300 seconds.
06/09/2018 08:09:02 PM rising edge on pir
06/09/2018 08:09:04 PM delaying: reseting the timer for a new 300 seconds.
06/09/2018 08:09:21 PM rising edge on pir
06/09/2018 08:09:21 PM delaying: reseting the timer for a new 300 seconds.
06/09/2018 08:09:26 PM rising edge on pir
06/09/2018 08:09:26 PM delaying: reseting the timer for a new 300 seconds.
06/09/2018 08:09:32 PM rising edge on pir
06/09/2018 08:09:32 PM delaying: reseting the timer for a new 300 seconds.
06/09/2018 08:09:38 PM rising edge on pir
06/09/2018 08:09:38 PM delaying: reseting the timer for a new 300 seconds.
06/09/2018 08:09:43 PM rising edge on pir
06/09/2018 08:09:43 PM delaying: reseting the timer for a new 300 seconds.
06/09/2018 08:09:48 PM rising edge on pir
06/09/2018 08:09:48 PM delaying: reseting the timer for a new 300 seconds.
06/09/2018 08:09:53 PM rising edge on pir
06/09/2018 08:09:53 PM delaying: reseting the timer for a new 300 seconds.
06/09/2018 08:09:59 PM rising edge on pir
06/09/2018 08:09:59 PM delaying: reseting the timer for a new 300 seconds.
06/09/2018 08:10:05 PM rising edge on pir
06/09/2018 08:10:05 PM delaying: reseting the timer for a new 300 seconds.
06/09/2018 08:10:10 PM rising edge on pir
06/09/2018 08:10:10 PM delaying: reseting the timer for a new 300 seconds.
06/09/2018 08:10:31 PM rising edge on pir
06/09/2018 08:10:31 PM delaying: reseting the timer for a new 300 seconds.
06/09/2018 08:10:37 PM rising edge on pir
06/09/2018 08:10:37 PM delaying: reseting the timer for a new 300 seconds.
06/09/2018 08:10:53 PM rising edge on pir
06/09/2018 08:10:53 PM delaying: reseting the timer for a new 300 seconds.
06/09/2018 08:11:04 PM rising edge on pir
06/09/2018 08:11:04 PM delaying: reseting the timer for a new 300 seconds.
06/09/2018 08:11:09 PM rising edge on pir
06/09/2018 08:11:09 PM delaying: reseting the timer for a new 300 seconds.
06/09/2018 08:11:15 PM rising edge on pir
06/09/2018 08:11:15 PM delaying: reseting the timer for a new 300 seconds.
06/09/2018 08:11:20 PM rising edge on pir
06/09/2018 08:11:20 PM delaying: reseting the timer for a new 300 seconds.
06/09/2018 08:35:23 PM rising edge on pir
06/09/2018 08:35:23 PM delaying: reseting the timer for a new 300 seconds.
06/09/2018 08:35:35 PM rising edge on pir
06/09/2018 08:35:35 PM delaying: reseting the timer for a new 300 seconds.
06/09/2018 08:35:46 PM rising edge on pir
06/09/2018 08:35:46 PM delaying: reseting the timer for a new 300 seconds.
06/09/2018 08:40:22 PM rising edge on pir
06/09/2018 08:40:22 PM delaying: reseting the timer for a new 300 seconds.
06/09/2018 08:40:35 PM rising edge on pir
06/09/2018 08:40:35 PM delaying: reseting the timer for a new 300 seconds.
06/09/2018 08:43:16 PM rising edge on pir
06/09/2018 08:43:16 PM delaying: reseting the timer for a new 300 seconds.
06/09/2018 08:43:29 PM rising edge on pir
06/09/2018 08:43:29 PM delaying: reseting the timer for a new 300 seconds.
06/09/2018 08:43:30 PM rising edge on pir
06/09/2018 08:43:30 PM delaying: reseting the timer for a new 300 seconds.
06/09/2018 08:43:31 PM rising edge on pir
06/09/2018 08:43:31 PM delaying: reseting the timer for a new 300 seconds.
06/09/2018 08:43:31 PM rising edge on pir
06/09/2018 08:43:31 PM delaying: reseting the timer for a new 300 seconds.
06/09/2018 08:43:32 PM rising edge on pir
06/09/2018 08:43:32 PM delaying: reseting the timer for a new 300 seconds.
06/09/2018 08:43:33 PM rising edge on pir
06/09/2018 08:43:33 PM delaying: reseting the timer for a new 300 seconds.
06/09/2018 08:45:29 PM rising edge on pir
06/09/2018 08:45:29 PM delaying: reseting the timer for a new 300 seconds.
06/09/2018 08:45:46 PM rising edge on pir
06/09/2018 08:45:46 PM delaying: reseting the timer for a new 300 seconds.
06/09/2018 08:45:52 PM rising edge on pir
06/09/2018 08:45:55 PM delaying: reseting the timer for a new 300 seconds.
06/09/2018 08:45:57 PM rising edge on pir
06/09/2018 08:45:57 PM delaying: reseting the timer for a new 300 seconds.
06/09/2018 08:46:11 PM rising edge on pir
06/09/2018 08:46:11 PM delaying: reseting the timer for a new 300 seconds.
06/09/2018 08:46:16 PM rising edge on pir
06/09/2018 08:46:16 PM delaying: reseting the timer for a new 300 seconds.
06/09/2018 08:46:26 PM rising edge on pir
06/09/2018 08:46:26 PM delaying: reseting the timer for a new 300 seconds.
06/09/2018 08:46:33 PM rising edge on pir
06/09/2018 08:46:34 PM delaying: reseting the timer for a new 300 seconds.
06/09/2018 08:46:38 PM rising edge on pir
06/09/2018 08:46:38 PM delaying: reseting the timer for a new 300 seconds.
06/09/2018 08:46:43 PM rising edge on pir
06/09/2018 08:46:43 PM delaying: reseting the timer for a new 300 seconds.
06/09/2018 08:46:51 PM rising edge on pir
06/09/2018 08:46:51 PM delaying: reseting the timer for a new 300 seconds.
06/09/2018 08:46:56 PM rising edge on pir
06/09/2018 08:46:56 PM delaying: reseting the timer for a new 300 seconds.
06/09/2018 08:47:02 PM rising edge on pir
06/09/2018 08:47:02 PM delaying: reseting the timer for a new 300 seconds.
06/09/2018 08:47:08 PM rising edge on pir
06/09/2018 08:47:08 PM delaying: reseting the timer for a new 300 seconds.
06/09/2018 08:47:13 PM rising edge on pir
06/09/2018 08:47:14 PM delaying: reseting the timer for a new 300 seconds.
06/09/2018 08:47:18 PM rising edge on pir
06/09/2018 08:47:18 PM delaying: reseting the timer for a new 300 seconds.
06/09/2018 08:47:24 PM rising edge on pir
06/09/2018 08:47:24 PM delaying: reseting the timer for a new 300 seconds.
06/09/2018 08:47:30 PM rising edge on pir
06/09/2018 08:47:30 PM delaying: reseting the timer for a new 300 seconds.
06/09/2018 08:47:35 PM rising edge on pir
06/09/2018 08:47:35 PM delaying: reseting the timer for a new 300 seconds.
06/09/2018 08:47:41 PM rising edge on pir
06/09/2018 08:47:41 PM delaying: reseting the timer for a new 300 seconds.
06/09/2018 08:47:46 PM rising edge on pir
06/09/2018 08:47:46 PM delaying: reseting the timer for a new 300 seconds.
06/09/2018 08:47:51 PM rising edge on pir
06/09/2018 08:47:55 PM delaying: reseting the timer for a new 300 seconds.
06/09/2018 08:47:58 PM rising edge on pir
06/09/2018 08:47:58 PM delaying: reseting the timer for a new 300 seconds.
06/09/2018 08:48:03 PM rising edge on pir
06/09/2018 08:48:03 PM delaying: reseting the timer for a new 300 seconds.
06/09/2018 08:48:08 PM rising edge on pir
06/09/2018 08:48:13 PM rising edge on pir
06/09/2018 08:48:19 PM rising edge on pir
06/09/2018 08:48:24 PM rising edge on pir
06/09/2018 08:48:24 PM delaying: reseting the timer for a new 300 seconds.
06/09/2018 08:48:29 PM rising edge on pir
06/09/2018 08:48:29 PM delaying: reseting the timer for a new 300 seconds.
06/09/2018 08:48:35 PM rising edge on pir
06/09/2018 08:48:35 PM delaying: reseting the timer for a new 300 seconds.
06/09/2018 08:48:41 PM rising edge on pir
06/09/2018 08:48:41 PM delaying: reseting the timer for a new 300 seconds.
06/09/2018 08:48:46 PM rising edge on pir
06/09/2018 08:48:46 PM delaying: reseting the timer for a new 300 seconds.
06/09/2018 08:48:51 PM rising edge on pir
06/09/2018 08:48:51 PM delaying: reseting the timer for a new 300 seconds.
06/09/2018 08:48:58 PM rising edge on pir
06/09/2018 08:48:58 PM delaying: reseting the timer for a new 300 seconds.
06/09/2018 08:49:05 PM rising edge on pir
06/09/2018 08:49:05 PM delaying: reseting the timer for a new 300 seconds.
06/09/2018 08:49:10 PM rising edge on pir
06/09/2018 08:49:10 PM delaying: reseting the timer for a new 300 seconds.
06/09/2018 08:49:15 PM rising edge on pir
06/09/2018 08:49:15 PM delaying: reseting the timer for a new 300 seconds.
06/09/2018 08:49:22 PM rising edge on pir
06/09/2018 08:49:22 PM delaying: reseting the timer for a new 300 seconds.
06/09/2018 08:49:27 PM rising edge on pir
06/09/2018 08:49:27 PM delaying: reseting the timer for a new 300 seconds.
06/09/2018 08:49:32 PM rising edge on pir
06/09/2018 08:49:32 PM delaying: reseting the timer for a new 300 seconds.
06/09/2018 08:49:54 PM rising edge on pir
06/09/2018 08:49:55 PM rising edge on pir
06/09/2018 08:49:55 PM delaying: reseting the timer for a new 300 seconds.
06/09/2018 08:49:59 PM rising edge on pir
06/09/2018 08:49:59 PM delaying: reseting the timer for a new 300 seconds.
06/09/2018 08:50:04 PM rising edge on pir
06/09/2018 08:50:04 PM delaying: reseting the timer for a new 300 seconds.
06/09/2018 08:50:09 PM rising edge on pir
06/09/2018 08:50:09 PM delaying: reseting the timer for a new 300 seconds.
06/09/2018 08:50:26 PM rising edge on pir
06/09/2018 08:50:26 PM delaying: reseting the timer for a new 300 seconds.
06/09/2018 08:50:31 PM rising edge on pir
06/09/2018 08:50:31 PM delaying: reseting the timer for a new 300 seconds.
06/09/2018 08:50:36 PM rising edge on pir
06/09/2018 08:50:36 PM delaying: reseting the timer for a new 300 seconds.
06/09/2018 08:50:41 PM rising edge on pir
06/09/2018 08:50:41 PM delaying: reseting the timer for a new 300 seconds.
06/09/2018 08:50:47 PM rising edge on pir
06/09/2018 08:50:47 PM delaying: reseting the timer for a new 300 seconds.
06/09/2018 08:50:58 PM rising edge on pir
06/09/2018 08:50:58 PM delaying: reseting the timer for a new 300 seconds.
06/09/2018 08:51:03 PM rising edge on pir
06/09/2018 08:51:03 PM delaying: reseting the timer for a new 300 seconds.
06/09/2018 08:51:08 PM rising edge on pir
06/09/2018 08:51:08 PM delaying: reseting the timer for a new 300 seconds.
06/09/2018 08:51:14 PM rising edge on pir
06/09/2018 08:51:14 PM delaying: reseting the timer for a new 300 seconds.
06/09/2018 08:51:30 PM rising edge on pir
06/09/2018 08:51:30 PM delaying: reseting the timer for a new 300 seconds.
06/09/2018 08:51:42 PM rising edge on pir
06/09/2018 08:51:42 PM delaying: reseting the timer for a new 300 seconds.
06/09/2018 08:51:47 PM rising edge on pir
06/09/2018 08:51:47 PM delaying: reseting the timer for a new 300 seconds.
06/09/2018 08:51:52 PM rising edge on pir
06/09/2018 08:51:52 PM delaying: reseting the timer for a new 300 seconds.
06/09/2018 08:51:58 PM rising edge on pir
06/09/2018 08:51:58 PM delaying: reseting the timer for a new 300 seconds.
06/09/2018 08:52:04 PM rising edge on pir
06/09/2018 08:52:04 PM delaying: reseting the timer for a new 300 seconds.
06/09/2018 08:52:10 PM rising edge on pir
06/09/2018 08:52:10 PM delaying: reseting the timer for a new 300 seconds.
06/09/2018 08:52:15 PM rising edge on pir
06/09/2018 08:52:15 PM delaying: reseting the timer for a new 300 seconds.
06/09/2018 08:52:21 PM rising edge on pir
06/09/2018 08:52:21 PM delaying: reseting the timer for a new 300 seconds.
06/09/2018 08:52:27 PM rising edge on pir
06/09/2018 08:52:29 PM delaying: reseting the timer for a new 300 seconds.
06/09/2018 08:52:34 PM rising edge on pir
06/09/2018 08:52:34 PM delaying: reseting the timer for a new 300 seconds.
06/09/2018 08:52:42 PM rising edge on pir
06/09/2018 08:52:42 PM delaying: reseting the timer for a new 300 seconds.
06/09/2018 08:52:53 PM rising edge on pir
06/09/2018 08:52:53 PM delaying: reseting the timer for a new 300 seconds.
06/09/2018 08:53:02 PM rising edge on pir
06/09/2018 08:53:02 PM delaying: reseting the timer for a new 300 seconds.
06/09/2018 08:53:10 PM rising edge on pir
06/09/2018 08:53:10 PM delaying: reseting the timer for a new 300 seconds.
06/09/2018 08:53:15 PM rising edge on pir
06/09/2018 08:53:18 PM delaying: reseting the timer for a new 300 seconds.
06/09/2018 08:53:21 PM rising edge on pir
06/09/2018 08:53:21 PM delaying: reseting the timer for a new 300 seconds.
06/09/2018 08:53:26 PM rising edge on pir
06/09/2018 08:53:26 PM delaying: reseting the timer for a new 300 seconds.
06/09/2018 08:53:40 PM rising edge on pir
06/09/2018 08:53:40 PM delaying: reseting the timer for a new 300 seconds.
06/09/2018 08:53:53 PM rising edge on pir
06/09/2018 08:53:53 PM delaying: reseting the timer for a new 300 seconds.
06/09/2018 08:55:24 PM rising edge on pir
06/09/2018 08:55:35 PM rising edge on pir
06/09/2018 08:55:35 PM delaying: reseting the timer for a new 5 seconds.
06/09/2018 08:55:41 PM rising edge on pir
06/09/2018 08:55:41 PM delaying: reseting the timer for a new 5 seconds.
06/09/2018 08:55:48 PM rising edge on pir
06/09/2018 08:55:48 PM delaying: reseting the timer for a new 5 seconds.
06/09/2018 08:57:52 PM rising edge on pir
06/09/2018 08:57:52 PM relay on
06/09/2018 08:57:57 PM relay off
06/09/2018 08:58:01 PM rising edge on pir
06/09/2018 08:58:01 PM relay on
06/09/2018 08:58:01 PM delaying: reseting the timer for a new 5 seconds.
06/09/2018 08:58:06 PM relay off
06/09/2018 08:58:07 PM rising edge on pir
06/09/2018 08:58:07 PM relay on
06/09/2018 08:58:07 PM delaying: reseting the timer for a new 5 seconds.
06/09/2018 08:58:12 PM relay off
06/09/2018 08:58:12 PM rising edge on pir
06/09/2018 08:58:15 PM relay on
06/09/2018 08:58:15 PM delaying: reseting the timer for a new 5 seconds.
06/09/2018 08:58:18 PM rising edge on pir
06/09/2018 08:58:18 PM relay on
06/09/2018 08:58:18 PM delaying: reseting the timer for a new 5 seconds.
06/09/2018 08:58:23 PM relay off
06/09/2018 08:58:24 PM rising edge on pir
06/09/2018 08:58:24 PM relay on
06/09/2018 08:58:24 PM delaying: reseting the timer for a new 5 seconds.
06/09/2018 08:58:29 PM relay off
06/09/2018 08:58:29 PM rising edge on pir
06/09/2018 08:58:29 PM relay on
06/09/2018 08:58:29 PM delaying: reseting the timer for a new 5 seconds.
06/09/2018 08:58:34 PM relay off
06/09/2018 08:58:40 PM rising edge on pir
06/09/2018 08:58:40 PM relay on
06/09/2018 08:58:40 PM delaying: reseting the timer for a new 5 seconds.
06/09/2018 08:58:45 PM relay off
06/09/2018 08:58:45 PM rising edge on pir
06/09/2018 08:58:45 PM relay on
06/09/2018 08:58:45 PM delaying: reseting the timer for a new 5 seconds.
06/09/2018 08:58:50 PM relay off
06/09/2018 09:12:50 PM rising edge on pir
06/09/2018 09:12:50 PM relay on
06/09/2018 09:12:56 PM relay off
06/09/2018 09:13:04 PM rising edge on pir
06/09/2018 09:13:04 PM relay on
06/09/2018 09:13:09 PM relay off
06/09/2018 09:13:19 PM rising edge on pir
06/09/2018 09:13:19 PM relay on
06/09/2018 09:13:24 PM relay off
06/09/2018 09:13:32 PM rising edge on pir
06/09/2018 09:13:32 PM relay on
06/09/2018 09:13:37 PM relay off
06/09/2018 09:14:46 PM rising edge on pir
06/09/2018 09:14:46 PM relay on
06/09/2018 09:14:51 PM rising edge on pir
06/09/2018 09:14:51 PM delaying: reseting the timer for a new 10 seconds.
06/09/2018 09:15:00 PM rising edge on pir
06/09/2018 09:15:00 PM delaying: reseting the timer for a new 10 seconds.
06/09/2018 09:15:10 PM relay off
06/09/2018 09:15:17 PM rising edge on pir
06/09/2018 09:15:19 PM relay on
06/09/2018 09:15:19 PM rising edge on pir
06/09/2018 09:15:19 PM delaying: reseting the timer for a new 10 seconds.
06/09/2018 09:15:22 PM rising edge on pir
06/09/2018 09:15:22 PM delaying: reseting the timer for a new 10 seconds.
06/09/2018 09:15:29 PM rising edge on pir
06/09/2018 09:15:29 PM delaying: reseting the timer for a new 10 seconds.
06/09/2018 09:15:35 PM rising edge on pir
06/09/2018 09:15:35 PM delaying: reseting the timer for a new 10 seconds.
06/09/2018 09:15:43 PM rising edge on pir
06/09/2018 09:15:43 PM delaying: reseting the timer for a new 10 seconds.
06/09/2018 09:15:53 PM relay off
06/09/2018 09:15:57 PM rising edge on pir
06/09/2018 09:15:57 PM relay on
06/09/2018 09:16:07 PM relay off
06/09/2018 09:16:22 PM rising edge on pir
06/09/2018 09:16:22 PM relay on
06/09/2018 09:16:39 PM rising edge on pir
06/09/2018 09:16:39 PM delaying: reseting the timer for a new 300 seconds.
06/09/2018 09:16:45 PM rising edge on pir
06/09/2018 09:16:45 PM delaying: reseting the timer for a new 300 seconds.
06/09/2018 09:16:51 PM rising edge on pir
06/09/2018 09:16:51 PM delaying: reseting the timer for a new 300 seconds.
06/09/2018 09:17:08 PM rising edge on pir
06/09/2018 09:17:08 PM delaying: reseting the timer for a new 300 seconds.
06/09/2018 09:18:04 PM rising edge on pir
06/09/2018 09:18:04 PM delaying: reseting the timer for a new 300 seconds.
06/09/2018 09:19:12 PM rising edge on pir
06/09/2018 09:19:12 PM delaying: reseting the timer for a new 300 seconds.
06/09/2018 09:20:59 PM rising edge on pir
06/09/2018 09:20:59 PM delaying: reseting the timer for a new 300 seconds.
06/09/2018 09:23:14 PM rising edge on pir
06/09/2018 09:23:14 PM delaying: reseting the timer for a new 300 seconds.
06/09/2018 09:23:21 PM rising edge on pir
06/09/2018 09:23:21 PM delaying: reseting the timer for a new 300 seconds.
06/09/2018 09:23:26 PM rising edge on pir
06/09/2018 09:23:26 PM delaying: reseting the timer for a new 300 seconds.
06/09/2018 09:25:55 PM rising edge on pir
06/09/2018 09:25:55 PM delaying: reseting the timer for a new 300 seconds.
06/09/2018 09:26:03 PM rising edge on pir
06/09/2018 09:26:03 PM delaying: reseting the timer for a new 300 seconds.
06/09/2018 09:26:09 PM rising edge on pir
06/09/2018 09:26:11 PM delaying: reseting the timer for a new 300 seconds.
06/09/2018 09:26:25 PM rising edge on pir
06/09/2018 09:26:25 PM delaying: reseting the timer for a new 300 seconds.
06/09/2018 09:26:55 PM rising edge on pir
06/09/2018 09:26:55 PM delaying: reseting the timer for a new 300 seconds.
06/09/2018 09:27:11 PM rising edge on pir
06/09/2018 09:27:11 PM delaying: reseting the timer for a new 300 seconds.
06/09/2018 09:27:16 PM rising edge on pir
06/09/2018 09:27:16 PM delaying: reseting the timer for a new 300 seconds.
06/09/2018 09:27:22 PM rising edge on pir
06/09/2018 09:27:22 PM delaying: reseting the timer for a new 300 seconds.
06/09/2018 09:27:27 PM rising edge on pir
06/09/2018 09:27:27 PM delaying: reseting the timer for a new 300 seconds.
06/09/2018 09:27:32 PM rising edge on pir
06/09/2018 09:27:32 PM delaying: reseting the timer for a new 300 seconds.
06/09/2018 09:27:38 PM rising edge on pir
06/09/2018 09:27:38 PM delaying: reseting the timer for a new 300 seconds.
06/09/2018 09:27:43 PM rising edge on pir
06/09/2018 09:27:43 PM delaying: reseting the timer for a new 300 seconds.
06/09/2018 09:27:50 PM rising edge on pir
06/09/2018 09:27:50 PM delaying: reseting the timer for a new 300 seconds.
06/09/2018 09:27:55 PM rising edge on pir
06/09/2018 09:27:55 PM delaying: reseting the timer for a new 300 seconds.
06/09/2018 09:28:00 PM rising edge on pir
06/09/2018 09:28:00 PM delaying: reseting the timer for a new 300 seconds.
06/09/2018 09:28:07 PM rising edge on pir
06/09/2018 09:28:08 PM delaying: reseting the timer for a new 300 seconds.
06/09/2018 09:28:15 PM rising edge on pir
06/09/2018 09:28:15 PM delaying: reseting the timer for a new 300 seconds.
06/09/2018 09:28:22 PM rising edge on pir
06/09/2018 09:28:22 PM delaying: reseting the timer for a new 300 seconds.
06/09/2018 09:28:28 PM rising edge on pir
06/09/2018 09:28:28 PM delaying: reseting the timer for a new 300 seconds.
06/09/2018 09:28:33 PM rising edge on pir
06/09/2018 09:28:33 PM delaying: reseting the timer for a new 300 seconds.
06/09/2018 09:28:42 PM rising edge on pir
06/09/2018 09:28:42 PM delaying: reseting the timer for a new 300 seconds.
06/09/2018 09:28:42 PM rising edge on pir
06/09/2018 09:28:42 PM delaying: reseting the timer for a new 300 seconds.
06/09/2018 09:28:42 PM rising edge on pir
06/09/2018 09:28:42 PM delaying: reseting the timer for a new 300 seconds.
06/09/2018 09:28:44 PM rising edge on pir
06/09/2018 09:28:44 PM delaying: reseting the timer for a new 300 seconds.
06/09/2018 09:28:45 PM rising edge on pir
06/09/2018 09:28:45 PM delaying: reseting the timer for a new 300 seconds.
06/09/2018 09:32:23 PM rising edge on pir
06/09/2018 09:32:23 PM delaying: reseting the timer for a new 300 seconds.
06/09/2018 09:34:29 PM rising edge on pir
06/09/2018 09:34:29 PM delaying: reseting the timer for a new 300 seconds.
06/09/2018 09:39:29 PM relay off
06/09/2018 09:40:18 PM rising edge on pir
06/09/2018 09:40:18 PM relay on
06/09/2018 09:45:18 PM relay off
06/09/2018 09:50:33 PM rising edge on pir
06/09/2018 09:50:33 PM relay on
06/09/2018 09:52:14 PM rising edge on pir
06/09/2018 09:52:14 PM delaying: reseting the timer for a new 300 seconds.
06/09/2018 09:52:19 PM rising edge on pir
06/09/2018 09:52:19 PM delaying: reseting the timer for a new 300 seconds.
06/09/2018 09:52:25 PM rising edge on pir
06/09/2018 09:52:25 PM delaying: reseting the timer for a new 300 seconds.
06/09/2018 09:52:33 PM rising edge on pir
06/09/2018 09:52:33 PM delaying: reseting the timer for a new 300 seconds.
06/09/2018 09:52:39 PM rising edge on pir
06/09/2018 09:52:39 PM delaying: reseting the timer for a new 300 seconds.
06/09/2018 09:52:45 PM rising edge on pir
06/09/2018 09:52:45 PM delaying: reseting the timer for a new 300 seconds.
06/09/2018 09:52:50 PM rising edge on pir
06/09/2018 09:52:50 PM delaying: reseting the timer for a new 300 seconds.
06/09/2018 09:52:56 PM rising edge on pir
06/09/2018 09:52:56 PM delaying: reseting the timer for a new 300 seconds.
06/09/2018 09:53:10 PM rising edge on pir
06/09/2018 09:53:10 PM delaying: reseting the timer for a new 300 seconds.
06/09/2018 09:53:17 PM rising edge on pir
06/09/2018 09:53:17 PM delaying: reseting the timer for a new 300 seconds.
06/09/2018 09:53:28 PM rising edge on pir
06/09/2018 09:53:28 PM delaying: reseting the timer for a new 300 seconds.
06/09/2018 09:55:18 PM rising edge on pir
06/09/2018 09:55:18 PM delaying: reseting the timer for a new 300 seconds.
06/09/2018 09:55:23 PM rising edge on pir
06/09/2018 09:55:23 PM delaying: reseting the timer for a new 300 seconds.
06/09/2018 09:55:37 PM rising edge on pir
06/09/2018 09:55:40 PM delaying: reseting the timer for a new 300 seconds.
06/09/2018 09:55:43 PM rising edge on pir
06/09/2018 09:55:43 PM delaying: reseting the timer for a new 300 seconds.
06/09/2018 09:55:48 PM rising edge on pir
06/09/2018 09:55:48 PM delaying: reseting the timer for a new 300 seconds.
06/09/2018 09:55:55 PM rising edge on pir
06/09/2018 09:55:55 PM delaying: reseting the timer for a new 300 seconds.
06/09/2018 09:56:37 PM rising edge on pir
06/09/2018 09:56:37 PM delaying: reseting the timer for a new 300 seconds.
06/09/2018 10:01:23 PM rising edge on pir
06/09/2018 10:01:23 PM delaying: reseting the timer for a new 300 seconds.
06/09/2018 10:03:29 PM rising edge on pir
06/09/2018 10:03:29 PM delaying: reseting the timer for a new 300 seconds.
06/09/2018 10:03:41 PM rising edge on pir
06/09/2018 10:03:41 PM delaying: reseting the timer for a new 300 seconds.
06/09/2018 10:03:48 PM rising edge on pir
06/09/2018 10:03:48 PM delaying: reseting the timer for a new 300 seconds.
06/09/2018 10:03:54 PM rising edge on pir
06/09/2018 10:03:54 PM delaying: reseting the timer for a new 300 seconds.
06/09/2018 10:04:00 PM rising edge on pir
06/09/2018 10:04:00 PM delaying: reseting the timer for a new 300 seconds.
06/09/2018 10:04:08 PM rising edge on pir
06/09/2018 10:04:08 PM delaying: reseting the timer for a new 300 seconds.
06/09/2018 10:04:13 PM rising edge on pir
06/09/2018 10:04:13 PM delaying: reseting the timer for a new 300 seconds.
06/09/2018 10:04:19 PM rising edge on pir
06/09/2018 10:04:19 PM delaying: reseting the timer for a new 300 seconds.
06/09/2018 10:04:29 PM rising edge on pir
06/09/2018 10:04:29 PM delaying: reseting the timer for a new 300 seconds.
06/09/2018 10:04:35 PM rising edge on pir
06/09/2018 10:04:35 PM delaying: reseting the timer for a new 300 seconds.
06/09/2018 10:04:40 PM rising edge on pir
06/09/2018 10:04:40 PM delaying: reseting the timer for a new 300 seconds.
06/09/2018 10:04:46 PM rising edge on pir
06/09/2018 10:04:46 PM delaying: reseting the timer for a new 300 seconds.
06/09/2018 10:04:52 PM rising edge on pir
06/09/2018 10:04:53 PM delaying: reseting the timer for a new 300 seconds.
06/09/2018 10:04:57 PM rising edge on pir
06/09/2018 10:04:57 PM delaying: reseting the timer for a new 300 seconds.
06/09/2018 10:05:03 PM rising edge on pir
06/09/2018 10:05:03 PM delaying: reseting the timer for a new 300 seconds.
06/09/2018 10:05:08 PM rising edge on pir
06/09/2018 10:05:08 PM delaying: reseting the timer for a new 300 seconds.
06/09/2018 10:05:13 PM rising edge on pir
06/09/2018 10:05:14 PM delaying: reseting the timer for a new 300 seconds.
06/09/2018 10:05:20 PM rising edge on pir
06/09/2018 10:05:20 PM delaying: reseting the timer for a new 300 seconds.
06/09/2018 10:05:26 PM rising edge on pir
06/09/2018 10:05:26 PM delaying: reseting the timer for a new 300 seconds.
06/09/2018 10:05:31 PM rising edge on pir
06/09/2018 10:05:31 PM delaying: reseting the timer for a new 300 seconds.
06/09/2018 10:05:37 PM rising edge on pir
06/09/2018 10:05:37 PM delaying: reseting the timer for a new 300 seconds.
06/09/2018 10:05:43 PM rising edge on pir
06/09/2018 10:05:43 PM delaying: reseting the timer for a new 300 seconds.
06/09/2018 10:05:50 PM rising edge on pir
06/09/2018 10:05:50 PM delaying: reseting the timer for a new 300 seconds.
06/09/2018 10:05:56 PM rising edge on pir
06/09/2018 10:05:56 PM delaying: reseting the timer for a new 300 seconds.
06/09/2018 10:06:03 PM rising edge on pir
06/09/2018 10:06:03 PM delaying: reseting the timer for a new 300 seconds.
06/09/2018 10:06:08 PM rising edge on pir
06/09/2018 10:06:08 PM delaying: reseting the timer for a new 300 seconds.
06/09/2018 10:06:15 PM rising edge on pir
06/09/2018 10:06:15 PM delaying: reseting the timer for a new 300 seconds.
06/09/2018 10:06:20 PM rising edge on pir
06/09/2018 10:06:23 PM delaying: reseting the timer for a new 300 seconds.
06/09/2018 10:06:26 PM rising edge on pir
06/09/2018 10:06:26 PM delaying: reseting the timer for a new 300 seconds.
06/09/2018 10:06:31 PM rising edge on pir
06/09/2018 10:06:31 PM delaying: reseting the timer for a new 300 seconds.
06/09/2018 10:06:39 PM rising edge on pir
06/09/2018 10:06:39 PM delaying: reseting the timer for a new 300 seconds.
06/09/2018 10:06:44 PM rising edge on pir
06/09/2018 10:06:44 PM delaying: reseting the timer for a new 300 seconds.
06/09/2018 10:06:50 PM rising edge on pir
06/09/2018 10:06:50 PM delaying: reseting the timer for a new 300 seconds.
06/09/2018 10:06:55 PM rising edge on pir
06/09/2018 10:06:55 PM delaying: reseting the timer for a new 300 seconds.
06/09/2018 10:07:03 PM rising edge on pir
06/09/2018 10:07:03 PM delaying: reseting the timer for a new 300 seconds.
06/09/2018 10:07:05 PM rising edge on pir
06/09/2018 10:07:05 PM delaying: reseting the timer for a new 300 seconds.
06/09/2018 10:07:08 PM rising edge on pir
06/09/2018 10:07:09 PM delaying: reseting the timer for a new 300 seconds.
06/09/2018 10:07:16 PM rising edge on pir
06/09/2018 10:07:16 PM delaying: reseting the timer for a new 300 seconds.
06/09/2018 10:07:22 PM rising edge on pir
06/09/2018 10:07:22 PM delaying: reseting the timer for a new 300 seconds.
06/09/2018 10:07:27 PM rising edge on pir
06/09/2018 10:07:28 PM delaying: reseting the timer for a new 300 seconds.
06/09/2018 10:07:34 PM rising edge on pir
06/09/2018 10:07:34 PM delaying: reseting the timer for a new 300 seconds.
06/09/2018 10:07:40 PM rising edge on pir
06/09/2018 10:07:42 PM delaying: reseting the timer for a new 300 seconds.
06/09/2018 10:07:46 PM rising edge on pir
06/09/2018 10:07:46 PM delaying: reseting the timer for a new 300 seconds.
06/09/2018 10:07:52 PM rising edge on pir
06/09/2018 10:07:52 PM delaying: reseting the timer for a new 300 seconds.
06/09/2018 10:07:59 PM rising edge on pir
06/09/2018 10:07:59 PM delaying: reseting the timer for a new 300 seconds.
06/09/2018 10:08:23 PM rising edge on pir
06/09/2018 10:08:23 PM delaying: reseting the timer for a new 300 seconds.
06/09/2018 10:08:38 PM rising edge on pir
06/09/2018 10:08:38 PM delaying: reseting the timer for a new 300 seconds.
06/09/2018 10:08:45 PM rising edge on pir
06/09/2018 10:08:45 PM delaying: reseting the timer for a new 300 seconds.
06/09/2018 10:08:51 PM rising edge on pir
06/09/2018 10:08:51 PM delaying: reseting the timer for a new 300 seconds.
06/09/2018 10:08:56 PM rising edge on pir
06/09/2018 10:08:56 PM delaying: reseting the timer for a new 300 seconds.
06/09/2018 10:09:12 PM rising edge on pir
06/09/2018 10:09:12 PM delaying: reseting the timer for a new 300 seconds.
06/09/2018 10:09:17 PM rising edge on pir
06/09/2018 10:09:17 PM delaying: reseting the timer for a new 300 seconds.
06/09/2018 10:09:23 PM rising edge on pir
06/09/2018 10:09:23 PM delaying: reseting the timer for a new 300 seconds.
06/09/2018 10:09:29 PM rising edge on pir
06/09/2018 10:09:29 PM delaying: reseting the timer for a new 300 seconds.
06/09/2018 10:09:50 PM rising edge on pir
06/09/2018 10:09:50 PM delaying: reseting the timer for a new 300 seconds.
06/09/2018 10:10:05 PM rising edge on pir
06/09/2018 10:10:05 PM delaying: reseting the timer for a new 300 seconds.
06/09/2018 10:10:23 PM rising edge on pir
06/09/2018 10:10:23 PM delaying: reseting the timer for a new 300 seconds.
06/09/2018 10:10:29 PM rising edge on pir
06/09/2018 10:10:29 PM delaying: reseting the timer for a new 300 seconds.
06/09/2018 10:10:35 PM rising edge on pir
06/09/2018 10:10:35 PM delaying: reseting the timer for a new 300 seconds.
06/09/2018 10:10:41 PM rising edge on pir
06/09/2018 10:10:41 PM delaying: reseting the timer for a new 300 seconds.
06/09/2018 10:10:48 PM rising edge on pir
06/09/2018 10:10:48 PM delaying: reseting the timer for a new 300 seconds.
06/09/2018 10:11:03 PM rising edge on pir
06/09/2018 10:11:06 PM delaying: reseting the timer for a new 300 seconds.
06/09/2018 10:11:15 PM rising edge on pir
06/09/2018 10:11:15 PM delaying: reseting the timer for a new 300 seconds.
06/09/2018 10:11:20 PM rising edge on pir
06/09/2018 10:11:20 PM delaying: reseting the timer for a new 300 seconds.
06/09/2018 10:11:32 PM rising edge on pir
06/09/2018 10:11:32 PM delaying: reseting the timer for a new 300 seconds.
06/09/2018 10:11:39 PM rising edge on pir
06/09/2018 10:11:39 PM delaying: reseting the timer for a new 300 seconds.
06/09/2018 10:11:44 PM rising edge on pir
06/09/2018 10:11:45 PM delaying: reseting the timer for a new 300 seconds.
06/09/2018 10:11:52 PM rising edge on pir
06/09/2018 10:11:52 PM delaying: reseting the timer for a new 300 seconds.
06/09/2018 10:12:19 PM rising edge on pir
06/09/2018 10:12:21 PM delaying: reseting the timer for a new 300 seconds.
06/09/2018 10:13:02 PM rising edge on pir
06/09/2018 10:13:02 PM delaying: reseting the timer for a new 300 seconds.
06/09/2018 10:13:09 PM rising edge on pir
06/09/2018 10:13:09 PM delaying: reseting the timer for a new 300 seconds.
06/09/2018 10:13:14 PM rising edge on pir
06/09/2018 10:13:14 PM delaying: reseting the timer for a new 300 seconds.
06/09/2018 10:13:23 PM rising edge on pir
06/09/2018 10:13:23 PM delaying: reseting the timer for a new 300 seconds.
06/09/2018 10:13:28 PM rising edge on pir
06/09/2018 10:13:28 PM delaying: reseting the timer for a new 300 seconds.
06/09/2018 10:13:37 PM rising edge on pir
06/09/2018 10:13:37 PM delaying: reseting the timer for a new 300 seconds.
06/09/2018 10:13:42 PM rising edge on pir
06/09/2018 10:13:42 PM delaying: reseting the timer for a new 300 seconds.
06/09/2018 10:13:48 PM rising edge on pir
06/09/2018 10:13:48 PM delaying: reseting the timer for a new 300 seconds.
06/09/2018 10:16:42 PM rising edge on pir
06/09/2018 10:16:42 PM relay on
06/09/2018 10:16:50 PM rising edge on pir
06/09/2018 10:16:50 PM delaying: reseting the timer for a new 300 seconds.
06/09/2018 10:16:55 PM rising edge on pir
06/09/2018 10:16:55 PM delaying: reseting the timer for a new 300 seconds.
06/09/2018 10:17:03 PM rising edge on pir
06/09/2018 10:17:03 PM delaying: reseting the timer for a new 300 seconds.
06/09/2018 10:17:12 PM rising edge on pir
06/09/2018 10:17:12 PM delaying: reseting the timer for a new 300 seconds.
06/09/2018 10:17:20 PM rising edge on pir
06/09/2018 10:17:20 PM delaying: reseting the timer for a new 300 seconds.
06/09/2018 10:17:26 PM rising edge on pir
06/09/2018 10:17:26 PM delaying: reseting the timer for a new 300 seconds.
06/09/2018 10:17:32 PM rising edge on pir
06/09/2018 10:17:32 PM delaying: reseting the timer for a new 300 seconds.
06/09/2018 10:17:39 PM rising edge on pir
06/09/2018 10:17:39 PM delaying: reseting the timer for a new 300 seconds.
06/09/2018 10:17:45 PM rising edge on pir
06/09/2018 10:17:45 PM delaying: reseting the timer for a new 300 seconds.
06/09/2018 10:17:51 PM rising edge on pir
06/09/2018 10:17:51 PM delaying: reseting the timer for a new 300 seconds.
06/09/2018 10:17:56 PM rising edge on pir
06/09/2018 10:17:56 PM delaying: reseting the timer for a new 300 seconds.
06/09/2018 10:18:02 PM rising edge on pir
06/09/2018 10:18:02 PM delaying: reseting the timer for a new 300 seconds.
06/09/2018 10:18:08 PM rising edge on pir
06/09/2018 10:18:08 PM delaying: reseting the timer for a new 300 seconds.
06/09/2018 10:18:14 PM rising edge on pir
06/09/2018 10:18:14 PM delaying: reseting the timer for a new 300 seconds.
06/09/2018 10:18:19 PM rising edge on pir
06/09/2018 10:18:19 PM delaying: reseting the timer for a new 300 seconds.
06/09/2018 10:18:29 PM rising edge on pir
06/09/2018 10:18:29 PM delaying: reseting the timer for a new 300 seconds.
06/09/2018 10:18:39 PM rising edge on pir
06/09/2018 10:18:39 PM delaying: reseting the timer for a new 300 seconds.
06/09/2018 10:18:44 PM rising edge on pir
06/09/2018 10:18:44 PM delaying: reseting the timer for a new 300 seconds.
06/09/2018 10:18:49 PM rising edge on pir
06/09/2018 10:18:49 PM delaying: reseting the timer for a new 300 seconds.
06/09/2018 10:18:54 PM rising edge on pir
06/09/2018 10:18:54 PM delaying: reseting the timer for a new 300 seconds.
06/09/2018 10:19:00 PM rising edge on pir
06/09/2018 10:19:00 PM delaying: reseting the timer for a new 300 seconds.
06/09/2018 10:19:05 PM rising edge on pir
06/09/2018 10:19:08 PM delaying: reseting the timer for a new 300 seconds.
06/09/2018 10:19:11 PM rising edge on pir
06/09/2018 10:19:11 PM delaying: reseting the timer for a new 300 seconds.
06/09/2018 10:19:17 PM rising edge on pir
06/09/2018 10:19:18 PM delaying: reseting the timer for a new 300 seconds.
06/09/2018 10:19:22 PM rising edge on pir
06/09/2018 10:19:22 PM delaying: reseting the timer for a new 300 seconds.
06/09/2018 10:19:28 PM rising edge on pir
06/09/2018 10:19:28 PM delaying: reseting the timer for a new 300 seconds.
06/09/2018 10:19:34 PM rising edge on pir
06/09/2018 10:19:34 PM delaying: reseting the timer for a new 300 seconds.
06/09/2018 10:19:40 PM rising edge on pir
06/09/2018 10:19:40 PM delaying: reseting the timer for a new 300 seconds.
06/09/2018 10:19:49 PM rising edge on pir
06/09/2018 10:19:49 PM delaying: reseting the timer for a new 300 seconds.
06/09/2018 10:19:55 PM rising edge on pir
06/09/2018 10:19:55 PM delaying: reseting the timer for a new 300 seconds.
06/09/2018 10:20:06 PM rising edge on pir
06/09/2018 10:20:06 PM relay on
06/09/2018 10:20:06 PM flash notification fired
06/09/2018 10:20:12 PM rising edge on pir
06/09/2018 10:20:12 PM relay on
06/09/2018 10:20:12 PM flash notification fired
06/09/2018 10:20:18 PM rising edge on pir
06/09/2018 10:20:18 PM relay on
06/09/2018 10:20:18 PM flash notification fired
06/09/2018 10:20:24 PM rising edge on pir
06/09/2018 10:20:24 PM relay on
06/09/2018 10:20:24 PM flash notification fired
06/09/2018 10:20:31 PM rising edge on pir
06/09/2018 10:20:31 PM relay on
06/09/2018 10:20:31 PM flash notification fired
06/09/2018 10:20:38 PM rising edge on pir
06/09/2018 10:20:38 PM relay on
06/09/2018 10:20:38 PM flash notification fired
06/09/2018 10:20:44 PM rising edge on pir
06/09/2018 10:20:44 PM relay on
06/09/2018 10:20:44 PM flash notification fired
06/09/2018 10:20:54 PM rising edge on pir
06/09/2018 10:20:54 PM relay on
06/09/2018 10:20:54 PM flash notification fired
06/09/2018 10:21:03 PM rising edge on pir
06/09/2018 10:21:03 PM relay on
06/09/2018 10:21:03 PM flash notification fired
06/09/2018 10:21:18 PM rising edge on pir
06/09/2018 10:21:18 PM relay on
06/09/2018 10:21:18 PM flash notification fired
06/09/2018 10:21:33 PM rising edge on pir
06/09/2018 10:21:33 PM relay on
06/09/2018 10:21:33 PM flash notification fired
06/09/2018 10:21:55 PM rising edge on pir
06/09/2018 10:21:55 PM relay on
06/09/2018 10:21:55 PM flash notification fired
06/09/2018 10:22:02 PM rising edge on pir
06/09/2018 10:22:02 PM relay on
06/09/2018 10:22:02 PM flash notification fired
06/09/2018 10:22:28 PM rising edge on pir
06/09/2018 10:22:28 PM relay on
06/09/2018 10:22:28 PM flash notification fired
06/09/2018 10:22:48 PM rising edge on pir
06/09/2018 10:22:48 PM relay on
06/09/2018 10:22:48 PM flash notification fired
06/09/2018 10:23:00 PM rising edge on pir
06/09/2018 10:23:00 PM relay on
06/09/2018 10:23:00 PM flash notification fired
06/09/2018 10:23:09 PM rising edge on pir
06/09/2018 10:23:09 PM delaying: reseting the timer for a new 300 seconds.
06/09/2018 10:23:09 PM flash notification fired
06/09/2018 10:23:17 PM rising edge on pir
06/09/2018 10:23:17 PM delaying: reseting the timer for a new 300 seconds.
06/09/2018 10:23:17 PM flash notification fired
06/09/2018 10:23:22 PM rising edge on pir
06/09/2018 10:23:22 PM delaying: reseting the timer for a new 300 seconds.
06/09/2018 10:23:22 PM flash notification fired
06/09/2018 10:23:28 PM rising edge on pir
06/09/2018 10:23:28 PM delaying: reseting the timer for a new 300 seconds.
06/09/2018 10:23:28 PM flash notification fired
06/09/2018 10:23:33 PM rising edge on pir
06/09/2018 10:23:33 PM delaying: reseting the timer for a new 300 seconds.
06/09/2018 10:23:33 PM flash notification fired
06/09/2018 10:23:39 PM rising edge on pir
06/09/2018 10:23:39 PM delaying: reseting the timer for a new 300 seconds.
06/09/2018 10:23:39 PM flash notification fired
06/09/2018 10:23:44 PM rising edge on pir
06/09/2018 10:23:44 PM delaying: reseting the timer for a new 300 seconds.
06/09/2018 10:23:44 PM flash notification fired
06/09/2018 10:23:49 PM rising edge on pir
06/09/2018 10:23:49 PM delaying: reseting the timer for a new 300 seconds.
06/09/2018 10:23:49 PM flash notification fired
06/09/2018 10:23:55 PM rising edge on pir
06/09/2018 10:23:55 PM delaying: reseting the timer for a new 300 seconds.
06/09/2018 10:23:56 PM flash notification fired
06/09/2018 10:24:01 PM rising edge on pir
06/09/2018 10:24:01 PM delaying: reseting the timer for a new 300 seconds.
06/09/2018 10:24:01 PM flash notification fired
06/09/2018 10:24:07 PM rising edge on pir
06/09/2018 10:24:07 PM delaying: reseting the timer for a new 300 seconds.
06/09/2018 10:24:07 PM flash notification fired
06/09/2018 10:24:12 PM rising edge on pir
06/09/2018 10:24:13 PM delaying: reseting the timer for a new 300 seconds.
06/09/2018 10:24:13 PM flash notification fired
06/09/2018 10:24:17 PM rising edge on pir
06/09/2018 10:24:17 PM delaying: reseting the timer for a new 300 seconds.
06/09/2018 10:24:17 PM flash notification fired
06/09/2018 10:24:23 PM rising edge on pir
06/09/2018 10:24:23 PM delaying: reseting the timer for a new 300 seconds.
06/09/2018 10:24:23 PM flash notification fired
06/09/2018 10:24:29 PM rising edge on pir
06/09/2018 10:24:29 PM delaying: reseting the timer for a new 300 seconds.
06/09/2018 10:24:29 PM flash notification fired
06/09/2018 10:24:40 PM rising edge on pir
06/09/2018 10:24:40 PM delaying: reseting the timer for a new 300 seconds.
06/09/2018 10:24:40 PM flash notification fired
06/09/2018 10:24:53 PM rising edge on pir
06/09/2018 10:24:53 PM delaying: reseting the timer for a new 300 seconds.
06/09/2018 10:24:53 PM flash notification fired
06/09/2018 10:25:16 PM rising edge on pir
06/09/2018 10:25:16 PM delaying: reseting the timer for a new 300 seconds.
06/09/2018 10:25:16 PM flash notification fired
06/09/2018 10:25:22 PM rising edge on pir
06/09/2018 10:25:22 PM delaying: reseting the timer for a new 300 seconds.
06/09/2018 10:25:22 PM flash notification fired
06/09/2018 10:25:37 PM rising edge on pir
06/09/2018 10:25:37 PM delaying: reseting the timer for a new 300 seconds.
06/09/2018 10:25:37 PM flash notification fired
06/09/2018 10:25:47 PM rising edge on pir
06/09/2018 10:25:47 PM delaying: reseting the timer for a new 300 seconds.
06/09/2018 10:25:47 PM flash notification fired
06/09/2018 10:25:53 PM rising edge on pir
06/09/2018 10:25:53 PM delaying: reseting the timer for a new 300 seconds.
06/09/2018 10:25:53 PM flash notification fired
06/09/2018 10:26:23 PM rising edge on pir
06/09/2018 10:26:23 PM delaying: reseting the timer for a new 300 seconds.
06/09/2018 10:26:23 PM flash notification fired
06/09/2018 10:26:31 PM rising edge on pir
06/09/2018 10:26:31 PM delaying: reseting the timer for a new 300 seconds.
06/09/2018 10:26:31 PM flash notification fired
06/09/2018 10:27:12 PM rising edge on pir
06/09/2018 10:27:12 PM delaying: reseting the timer for a new 300 seconds.
06/09/2018 10:27:12 PM flash notification fired
06/09/2018 10:27:26 PM rising edge on pir
06/09/2018 10:27:26 PM delaying: reseting the timer for a new 300 seconds.
06/09/2018 10:27:26 PM flash notification fired
06/09/2018 10:27:32 PM rising edge on pir
06/09/2018 10:27:32 PM delaying: reseting the timer for a new 300 seconds.
06/09/2018 10:27:32 PM flash notification fired
06/09/2018 10:28:25 PM rising edge on pir
06/09/2018 10:28:25 PM delaying: reseting the timer for a new 300 seconds.
06/09/2018 10:28:25 PM flash notification fired
06/09/2018 10:28:31 PM rising edge on pir
06/09/2018 10:28:31 PM delaying: reseting the timer for a new 300 seconds.
06/09/2018 10:28:31 PM flash notification fired
06/09/2018 10:28:37 PM rising edge on pir
06/09/2018 10:28:37 PM delaying: reseting the timer for a new 300 seconds.
06/09/2018 10:28:37 PM flash notification fired
06/09/2018 10:28:55 PM rising edge on pir
06/09/2018 10:28:55 PM delaying: reseting the timer for a new 300 seconds.
06/09/2018 10:28:55 PM flash notification fired
06/09/2018 10:29:04 PM rising edge on pir
06/09/2018 10:29:04 PM delaying: reseting the timer for a new 300 seconds.
06/09/2018 10:29:04 PM flash notification fired
06/09/2018 10:29:43 PM rising edge on pir
06/09/2018 10:29:43 PM delaying: reseting the timer for a new 300 seconds.
06/09/2018 10:29:43 PM flash notification fired
06/09/2018 10:29:54 PM rising edge on pir
06/09/2018 10:29:54 PM delaying: reseting the timer for a new 300 seconds.
06/09/2018 10:29:54 PM flash notification fired
06/09/2018 10:30:00 PM rising edge on pir
06/09/2018 10:30:00 PM delaying: reseting the timer for a new 300 seconds.
06/09/2018 10:30:00 PM flash notification fired
06/09/2018 10:30:06 PM rising edge on pir
06/09/2018 10:30:06 PM delaying: reseting the timer for a new 300 seconds.
06/09/2018 10:30:06 PM flash notification fired
06/09/2018 10:30:35 PM rising edge on pir
06/09/2018 10:30:35 PM delaying: reseting the timer for a new 300 seconds.
06/09/2018 10:30:35 PM flash notification fired
06/09/2018 10:30:42 PM rising edge on pir
06/09/2018 10:30:42 PM delaying: reseting the timer for a new 300 seconds.
06/09/2018 10:30:42 PM flash notification fired
06/09/2018 10:30:48 PM rising edge on pir
06/09/2018 10:30:48 PM delaying: reseting the timer for a new 300 seconds.
06/09/2018 10:30:48 PM flash notification fired
06/09/2018 10:30:54 PM rising edge on pir
06/09/2018 10:30:54 PM delaying: reseting the timer for a new 300 seconds.
06/09/2018 10:30:54 PM flash notification fired
06/09/2018 10:31:05 PM rising edge on pir
06/09/2018 10:31:05 PM delaying: reseting the timer for a new 300 seconds.
06/09/2018 10:31:05 PM flash notification fired
06/09/2018 10:31:11 PM rising edge on pir
06/09/2018 10:31:11 PM delaying: reseting the timer for a new 300 seconds.
06/09/2018 10:31:11 PM flash notification fired
06/09/2018 10:31:24 PM rising edge on pir
06/09/2018 10:31:24 PM delaying: reseting the timer for a new 300 seconds.
06/09/2018 10:31:24 PM flash notification fired
06/09/2018 10:31:43 PM rising edge on pir
06/09/2018 10:31:43 PM delaying: reseting the timer for a new 300 seconds.
06/09/2018 10:31:43 PM flash notification fired
06/09/2018 10:31:50 PM rising edge on pir
06/09/2018 10:31:50 PM delaying: reseting the timer for a new 300 seconds.
06/09/2018 10:31:50 PM flash notification fired
06/09/2018 10:31:55 PM rising edge on pir
06/09/2018 10:31:55 PM delaying: reseting the timer for a new 300 seconds.
06/09/2018 10:31:55 PM flash notification fired
06/09/2018 10:32:05 PM rising edge on pir
06/09/2018 10:32:05 PM delaying: reseting the timer for a new 300 seconds.
06/09/2018 10:32:05 PM flash notification fired
06/09/2018 10:32:23 PM rising edge on pir
06/09/2018 10:32:23 PM delaying: reseting the timer for a new 300 seconds.
06/09/2018 10:32:23 PM flash notification fired
06/09/2018 10:32:29 PM rising edge on pir
06/09/2018 10:32:30 PM delaying: reseting the timer for a new 300 seconds.
06/09/2018 10:32:30 PM flash notification fired
06/09/2018 10:32:34 PM rising edge on pir
06/09/2018 10:32:34 PM delaying: reseting the timer for a new 300 seconds.
06/09/2018 10:32:34 PM flash notification fired
06/09/2018 10:32:39 PM rising edge on pir
06/09/2018 10:32:39 PM delaying: reseting the timer for a new 300 seconds.
06/09/2018 10:32:39 PM flash notification fired
06/09/2018 10:32:48 PM rising edge on pir
06/09/2018 10:32:48 PM delaying: reseting the timer for a new 300 seconds.
06/09/2018 10:32:48 PM flash notification fired
06/09/2018 10:33:00 PM rising edge on pir
06/09/2018 10:33:00 PM delaying: reseting the timer for a new 300 seconds.
06/09/2018 10:33:00 PM flash notification fired
06/09/2018 10:33:07 PM rising edge on pir
06/09/2018 10:33:07 PM delaying: reseting the timer for a new 300 seconds.
06/09/2018 10:33:07 PM flash notification fired
06/09/2018 10:33:13 PM rising edge on pir
06/09/2018 10:33:13 PM delaying: reseting the timer for a new 300 seconds.
06/09/2018 10:33:13 PM flash notification fired
06/09/2018 10:33:18 PM rising edge on pir
06/09/2018 10:33:18 PM delaying: reseting the timer for a new 300 seconds.
06/09/2018 10:33:18 PM flash notification fired
06/09/2018 10:33:23 PM rising edge on pir
06/09/2018 10:33:23 PM delaying: reseting the timer for a new 300 seconds.
06/09/2018 10:33:23 PM flash notification fired
06/09/2018 10:33:36 PM rising edge on pir
06/09/2018 10:33:36 PM delaying: reseting the timer for a new 300 seconds.
06/09/2018 10:33:36 PM flash notification fired
06/09/2018 10:33:43 PM rising edge on pir
06/09/2018 10:33:43 PM delaying: reseting the timer for a new 300 seconds.
06/09/2018 10:33:43 PM flash notification fired
06/09/2018 10:33:48 PM rising edge on pir
06/09/2018 10:33:52 PM delaying: reseting the timer for a new 300 seconds.
06/09/2018 10:33:52 PM flash notification fired
06/09/2018 10:33:57 PM rising edge on pir
06/09/2018 10:33:57 PM delaying: reseting the timer for a new 300 seconds.
06/09/2018 10:33:57 PM flash notification fired
06/09/2018 10:34:03 PM rising edge on pir
06/09/2018 10:34:03 PM delaying: reseting the timer for a new 300 seconds.
06/09/2018 10:34:03 PM flash notification fired
06/09/2018 10:34:13 PM rising edge on pir
06/09/2018 10:34:13 PM delaying: reseting the timer for a new 300 seconds.
06/09/2018 10:34:13 PM flash notification fired
06/09/2018 10:34:19 PM rising edge on pir
06/09/2018 10:34:19 PM delaying: reseting the timer for a new 300 seconds.
06/09/2018 10:34:19 PM flash notification fired
06/09/2018 10:34:36 PM rising edge on pir
06/09/2018 10:34:36 PM delaying: reseting the timer for a new 300 seconds.
06/09/2018 10:34:36 PM flash notification fired
06/09/2018 10:34:42 PM rising edge on pir
06/09/2018 10:34:42 PM delaying: reseting the timer for a new 300 seconds.
06/09/2018 10:34:42 PM flash notification fired
06/09/2018 10:34:48 PM rising edge on pir
06/09/2018 10:34:48 PM delaying: reseting the timer for a new 300 seconds.
06/09/2018 10:34:48 PM flash notification fired
06/09/2018 10:34:53 PM rising edge on pir
06/09/2018 10:34:53 PM delaying: reseting the timer for a new 300 seconds.
06/09/2018 10:34:53 PM flash notification fired
06/09/2018 10:34:59 PM rising edge on pir
06/09/2018 10:34:59 PM delaying: reseting the timer for a new 300 seconds.
06/09/2018 10:34:59 PM flash notification fired
06/09/2018 10:35:05 PM rising edge on pir
06/09/2018 10:35:06 PM delaying: reseting the timer for a new 300 seconds.
06/09/2018 10:35:06 PM flash notification fired
06/09/2018 10:35:11 PM rising edge on pir
06/09/2018 10:35:12 PM delaying: reseting the timer for a new 300 seconds.
06/09/2018 10:35:12 PM flash notification fired
06/09/2018 10:36:04 PM rising edge on pir
06/09/2018 10:36:04 PM delaying: reseting the timer for a new 300 seconds.
06/09/2018 10:36:04 PM flash notification fired
06/09/2018 10:36:09 PM rising edge on pir
06/09/2018 10:36:10 PM delaying: reseting the timer for a new 300 seconds.
06/09/2018 10:36:10 PM flash notification fired
06/09/2018 10:36:15 PM rising edge on pir
06/09/2018 10:36:15 PM delaying: reseting the timer for a new 300 seconds.
06/09/2018 10:36:15 PM flash notification fired
06/09/2018 10:36:35 PM rising edge on pir
06/09/2018 10:36:35 PM delaying: reseting the timer for a new 300 seconds.
06/09/2018 10:36:35 PM flash notification fired
06/09/2018 10:36:40 PM rising edge on pir
06/09/2018 10:36:40 PM delaying: reseting the timer for a new 300 seconds.
06/09/2018 10:36:40 PM flash notification fired
06/09/2018 10:36:45 PM rising edge on pir
06/09/2018 10:36:48 PM delaying: reseting the timer for a new 300 seconds.
06/09/2018 10:36:48 PM flash notification fired
06/09/2018 10:36:50 PM rising edge on pir
06/09/2018 10:36:50 PM delaying: reseting the timer for a new 300 seconds.
06/09/2018 10:36:50 PM flash notification fired
06/09/2018 10:37:01 PM rising edge on pir
06/09/2018 10:37:01 PM delaying: reseting the timer for a new 300 seconds.
06/09/2018 10:37:01 PM flash notification fired
06/09/2018 10:37:06 PM rising edge on pir
06/09/2018 10:37:06 PM delaying: reseting the timer for a new 300 seconds.
06/09/2018 10:37:06 PM flash notification fired
06/09/2018 10:37:11 PM rising edge on pir
06/09/2018 10:37:11 PM delaying: reseting the timer for a new 300 seconds.
06/09/2018 10:37:11 PM flash notification fired
06/09/2018 10:37:28 PM rising edge on pir
06/09/2018 10:37:28 PM delaying: reseting the timer for a new 300 seconds.
06/09/2018 10:37:28 PM flash notification fired
06/09/2018 10:37:34 PM rising edge on pir
06/09/2018 10:37:35 PM delaying: reseting the timer for a new 300 seconds.
06/09/2018 10:37:35 PM flash notification fired
06/09/2018 10:37:43 PM rising edge on pir
06/09/2018 10:37:43 PM delaying: reseting the timer for a new 300 seconds.
06/09/2018 10:37:43 PM flash notification fired
06/09/2018 10:37:50 PM rising edge on pir
06/09/2018 10:37:50 PM delaying: reseting the timer for a new 300 seconds.
06/09/2018 10:37:50 PM flash notification fired
06/09/2018 10:37:57 PM rising edge on pir
06/09/2018 10:37:57 PM delaying: reseting the timer for a new 300 seconds.
06/09/2018 10:37:57 PM flash notification fired
06/09/2018 10:38:05 PM rising edge on pir
06/09/2018 10:38:05 PM delaying: reseting the timer for a new 300 seconds.
06/09/2018 10:38:05 PM flash notification fired
06/09/2018 10:38:10 PM rising edge on pir
06/09/2018 10:38:10 PM delaying: reseting the timer for a new 300 seconds.
06/09/2018 10:38:10 PM flash notification fired
06/09/2018 10:38:22 PM rising edge on pir
06/09/2018 10:38:22 PM delaying: reseting the timer for a new 300 seconds.
06/09/2018 10:38:22 PM flash notification fired
06/09/2018 10:38:42 PM rising edge on pir
06/09/2018 10:38:42 PM delaying: reseting the timer for a new 300 seconds.
06/09/2018 10:38:42 PM flash notification fired
06/09/2018 10:39:04 PM rising edge on pir
06/09/2018 10:39:04 PM delaying: reseting the timer for a new 300 seconds.
06/09/2018 10:39:04 PM flash notification fired
06/09/2018 10:39:24 PM rising edge on pir
06/09/2018 10:39:24 PM delaying: reseting the timer for a new 300 seconds.
06/09/2018 10:39:24 PM flash notification fired
06/09/2018 10:39:30 PM rising edge on pir
06/09/2018 10:39:30 PM delaying: reseting the timer for a new 300 seconds.
06/09/2018 10:39:30 PM flash notification fired
06/09/2018 10:40:23 PM rising edge on pir
06/09/2018 10:40:23 PM delaying: reseting the timer for a new 300 seconds.
06/09/2018 10:40:23 PM flash notification fired
06/09/2018 10:40:28 PM rising edge on pir
06/09/2018 10:40:28 PM delaying: reseting the timer for a new 300 seconds.
06/09/2018 10:40:28 PM flash notification fired
06/09/2018 10:40:37 PM rising edge on pir
06/09/2018 10:40:37 PM delaying: reseting the timer for a new 300 seconds.
06/09/2018 10:40:37 PM flash notification fired
06/09/2018 10:40:49 PM rising edge on pir
06/09/2018 10:40:49 PM delaying: reseting the timer for a new 300 seconds.
06/09/2018 10:40:49 PM flash notification fired
06/09/2018 10:41:43 PM rising edge on pir
06/09/2018 10:41:43 PM delaying: reseting the timer for a new 300 seconds.
06/09/2018 10:41:43 PM flash notification fired
06/09/2018 10:41:50 PM rising edge on pir
06/09/2018 10:41:51 PM delaying: reseting the timer for a new 300 seconds.
06/09/2018 10:41:51 PM flash notification fired
06/09/2018 10:41:56 PM rising edge on pir
06/09/2018 10:41:56 PM delaying: reseting the timer for a new 300 seconds.
06/09/2018 10:41:56 PM flash notification fired
06/09/2018 10:42:06 PM rising edge on pir
06/09/2018 10:42:06 PM delaying: reseting the timer for a new 300 seconds.
06/09/2018 10:42:06 PM flash notification fired
06/09/2018 10:42:12 PM rising edge on pir
06/09/2018 10:42:12 PM delaying: reseting the timer for a new 300 seconds.
06/09/2018 10:42:13 PM flash notification fired
06/09/2018 10:42:19 PM rising edge on pir
06/09/2018 10:42:19 PM delaying: reseting the timer for a new 300 seconds.
06/09/2018 10:42:19 PM flash notification fired
06/09/2018 10:42:29 PM rising edge on pir
06/09/2018 10:42:29 PM delaying: reseting the timer for a new 300 seconds.
06/09/2018 10:42:29 PM flash notification fired
06/09/2018 10:42:44 PM rising edge on pir
06/09/2018 10:42:44 PM delaying: reseting the timer for a new 300 seconds.
06/09/2018 10:42:44 PM flash notification fired
06/09/2018 10:42:59 PM rising edge on pir
06/09/2018 10:42:59 PM delaying: reseting the timer for a new 300 seconds.
06/09/2018 10:42:59 PM flash notification fired
06/09/2018 10:43:05 PM rising edge on pir
06/09/2018 10:43:05 PM delaying: reseting the timer for a new 300 seconds.
06/09/2018 10:43:05 PM flash notification fired
06/09/2018 10:43:11 PM rising edge on pir
06/09/2018 10:43:11 PM delaying: reseting the timer for a new 300 seconds.
06/09/2018 10:43:11 PM flash notification fired
06/09/2018 10:43:16 PM rising edge on pir
06/09/2018 10:43:16 PM delaying: reseting the timer for a new 300 seconds.
06/09/2018 10:43:16 PM flash notification fired
06/09/2018 10:43:24 PM rising edge on pir
06/09/2018 10:43:24 PM delaying: reseting the timer for a new 300 seconds.
06/09/2018 10:43:24 PM flash notification fired
06/09/2018 10:43:34 PM rising edge on pir
06/09/2018 10:43:34 PM delaying: reseting the timer for a new 300 seconds.
06/09/2018 10:43:34 PM flash notification fired
06/09/2018 10:43:39 PM rising edge on pir
06/09/2018 10:43:39 PM delaying: reseting the timer for a new 300 seconds.
06/09/2018 10:43:40 PM flash notification fired
06/09/2018 10:43:46 PM rising edge on pir
06/09/2018 10:43:46 PM delaying: reseting the timer for a new 300 seconds.
06/09/2018 10:43:46 PM flash notification fired
06/09/2018 10:43:53 PM rising edge on pir
06/09/2018 10:43:53 PM delaying: reseting the timer for a new 300 seconds.
06/09/2018 10:43:53 PM flash notification fired
06/09/2018 10:44:07 PM rising edge on pir
06/09/2018 10:44:07 PM delaying: reseting the timer for a new 300 seconds.
06/09/2018 10:44:07 PM flash notification fired
06/09/2018 10:44:16 PM rising edge on pir
06/09/2018 10:44:16 PM delaying: reseting the timer for a new 300 seconds.
06/09/2018 10:44:16 PM flash notification fired
06/09/2018 10:44:23 PM rising edge on pir
06/09/2018 10:44:23 PM delaying: reseting the timer for a new 300 seconds.
06/09/2018 10:44:23 PM flash notification fired
06/09/2018 10:44:28 PM rising edge on pir
06/09/2018 10:44:28 PM delaying: reseting the timer for a new 300 seconds.
06/09/2018 10:44:28 PM flash notification fired
06/09/2018 10:44:35 PM rising edge on pir
06/09/2018 10:44:35 PM delaying: reseting the timer for a new 300 seconds.
06/09/2018 10:44:35 PM flash notification fired
06/09/2018 10:44:41 PM rising edge on pir
06/09/2018 10:44:41 PM delaying: reseting the timer for a new 300 seconds.
06/09/2018 10:44:41 PM flash notification fired
06/09/2018 10:44:47 PM rising edge on pir
06/09/2018 10:44:47 PM delaying: reseting the timer for a new 300 seconds.
06/09/2018 10:44:47 PM flash notification fired
06/09/2018 10:44:53 PM rising edge on pir
06/09/2018 10:44:53 PM delaying: reseting the timer for a new 300 seconds.
06/09/2018 10:44:53 PM flash notification fired
06/09/2018 10:44:58 PM rising edge on pir
06/09/2018 10:44:59 PM delaying: reseting the timer for a new 300 seconds.
06/09/2018 10:44:59 PM flash notification fired
06/09/2018 10:45:04 PM rising edge on pir
06/09/2018 10:45:04 PM delaying: reseting the timer for a new 300 seconds.
06/09/2018 10:45:04 PM flash notification fired
06/09/2018 10:45:10 PM rising edge on pir
06/09/2018 10:45:10 PM delaying: reseting the timer for a new 300 seconds.
06/09/2018 10:45:10 PM flash notification fired
06/09/2018 10:48:39 PM rising edge on pir
06/09/2018 10:48:39 PM delaying: reseting the timer for a new 300 seconds.
06/09/2018 10:48:39 PM flash notification fired
06/09/2018 10:53:20 PM rising edge on pir
06/09/2018 10:53:20 PM delaying: reseting the timer for a new 300 seconds.
06/09/2018 10:53:20 PM flash notification fired
06/09/2018 10:58:20 PM relay off
06/09/2018 10:59:34 PM rising edge on pir
06/09/2018 10:59:34 PM relay on
06/09/2018 10:59:34 PM flash notification fired
06/09/2018 11:04:34 PM relay off
06/09/2018 11:08:50 PM rising edge on pir
06/09/2018 11:08:50 PM relay on
06/09/2018 11:08:50 PM flash notification fired
06/09/2018 11:08:55 PM rising edge on pir
06/09/2018 11:08:56 PM delaying: reseting the timer for a new 300 seconds.
06/09/2018 11:08:56 PM flash notification fired
06/09/2018 11:09:01 PM rising edge on pir
06/09/2018 11:09:01 PM delaying: reseting the timer for a new 300 seconds.
06/09/2018 11:09:01 PM flash notification fired
06/09/2018 11:09:07 PM rising edge on pir
06/09/2018 11:09:07 PM delaying: reseting the timer for a new 300 seconds.
06/09/2018 11:09:07 PM flash notification fired
06/09/2018 11:09:12 PM rising edge on pir
06/09/2018 11:09:12 PM delaying: reseting the timer for a new 300 seconds.
06/09/2018 11:09:12 PM flash notification fired
06/09/2018 11:09:17 PM rising edge on pir
06/09/2018 11:09:17 PM delaying: reseting the timer for a new 300 seconds.
06/09/2018 11:09:17 PM flash notification fired
06/09/2018 11:09:23 PM rising edge on pir
06/09/2018 11:09:24 PM delaying: reseting the timer for a new 300 seconds.
06/09/2018 11:09:24 PM flash notification fired
06/09/2018 11:09:29 PM rising edge on pir
06/09/2018 11:09:29 PM delaying: reseting the timer for a new 300 seconds.
06/09/2018 11:09:29 PM flash notification fired
06/09/2018 11:09:35 PM rising edge on pir
06/09/2018 11:09:35 PM delaying: reseting the timer for a new 300 seconds.
06/09/2018 11:09:35 PM flash notification fired
06/09/2018 11:09:41 PM rising edge on pir
06/09/2018 11:09:41 PM delaying: reseting the timer for a new 300 seconds.
06/09/2018 11:09:41 PM flash notification fired
06/09/2018 11:09:47 PM rising edge on pir
06/09/2018 11:09:47 PM delaying: reseting the timer for a new 300 seconds.
06/09/2018 11:09:47 PM flash notification fired
06/09/2018 11:09:53 PM rising edge on pir
06/09/2018 11:09:53 PM delaying: reseting the timer for a new 300 seconds.
06/09/2018 11:09:53 PM flash notification fired
06/09/2018 11:10:00 PM rising edge on pir
06/09/2018 11:10:00 PM delaying: reseting the timer for a new 300 seconds.
06/09/2018 11:10:00 PM flash notification fired
06/09/2018 11:10:05 PM rising edge on pir
06/09/2018 11:10:05 PM delaying: reseting the timer for a new 300 seconds.
06/09/2018 11:10:05 PM flash notification fired
06/09/2018 11:10:11 PM rising edge on pir
06/09/2018 11:10:11 PM delaying: reseting the timer for a new 300 seconds.
06/09/2018 11:10:11 PM flash notification fired
06/09/2018 11:10:17 PM rising edge on pir
06/09/2018 11:10:18 PM delaying: reseting the timer for a new 300 seconds.
06/09/2018 11:10:18 PM flash notification fired
06/09/2018 11:10:22 PM rising edge on pir
06/09/2018 11:10:22 PM delaying: reseting the timer for a new 300 seconds.
06/09/2018 11:10:22 PM flash notification fired
06/09/2018 11:10:28 PM rising edge on pir
06/09/2018 11:10:29 PM delaying: reseting the timer for a new 300 seconds.
06/09/2018 11:10:29 PM flash notification fired
06/09/2018 11:10:33 PM rising edge on pir
06/09/2018 11:10:33 PM delaying: reseting the timer for a new 300 seconds.
06/09/2018 11:10:33 PM flash notification fired
06/09/2018 11:10:39 PM rising edge on pir
06/09/2018 11:10:39 PM delaying: reseting the timer for a new 300 seconds.
06/09/2018 11:10:39 PM flash notification fired
06/09/2018 11:10:44 PM rising edge on pir
06/09/2018 11:10:44 PM delaying: reseting the timer for a new 300 seconds.
06/09/2018 11:10:44 PM flash notification fired
06/09/2018 11:10:49 PM rising edge on pir
06/09/2018 11:10:49 PM delaying: reseting the timer for a new 300 seconds.
06/09/2018 11:10:49 PM flash notification fired
06/09/2018 11:10:56 PM rising edge on pir
06/09/2018 11:10:56 PM delaying: reseting the timer for a new 300 seconds.
06/09/2018 11:10:56 PM flash notification fired
06/09/2018 11:11:02 PM rising edge on pir
06/09/2018 11:11:02 PM delaying: reseting the timer for a new 300 seconds.
06/09/2018 11:11:02 PM flash notification fired
06/09/2018 11:11:07 PM rising edge on pir
06/09/2018 11:11:07 PM delaying: reseting the timer for a new 300 seconds.
06/09/2018 11:11:07 PM flash notification fired
06/09/2018 11:11:13 PM rising edge on pir
06/09/2018 11:11:13 PM delaying: reseting the timer for a new 300 seconds.
06/09/2018 11:11:13 PM flash notification fired
06/09/2018 11:11:18 PM rising edge on pir
06/09/2018 11:11:19 PM delaying: reseting the timer for a new 300 seconds.
06/09/2018 11:11:19 PM flash notification fired
06/09/2018 11:11:24 PM rising edge on pir
06/09/2018 11:11:24 PM delaying: reseting the timer for a new 300 seconds.
06/09/2018 11:11:24 PM flash notification fired
06/09/2018 11:11:29 PM rising edge on pir
06/09/2018 11:11:29 PM delaying: reseting the timer for a new 300 seconds.
06/09/2018 11:11:29 PM flash notification fired
06/09/2018 11:11:35 PM rising edge on pir
06/09/2018 11:11:35 PM delaying: reseting the timer for a new 300 seconds.
06/09/2018 11:11:35 PM flash notification fired
06/09/2018 11:11:40 PM rising edge on pir
06/09/2018 11:11:40 PM delaying: reseting the timer for a new 300 seconds.
06/09/2018 11:11:40 PM flash notification fired
06/09/2018 11:11:47 PM rising edge on pir
06/09/2018 11:11:47 PM delaying: reseting the timer for a new 300 seconds.
06/09/2018 11:11:47 PM flash notification fired
06/09/2018 11:11:53 PM rising edge on pir
06/09/2018 11:11:53 PM delaying: reseting the timer for a new 300 seconds.
06/09/2018 11:11:53 PM flash notification fired
06/09/2018 11:11:59 PM rising edge on pir
06/09/2018 11:11:59 PM delaying: reseting the timer for a new 300 seconds.
06/09/2018 11:11:59 PM flash notification fired
06/09/2018 11:12:04 PM rising edge on pir
06/09/2018 11:12:04 PM delaying: reseting the timer for a new 300 seconds.
06/09/2018 11:12:04 PM flash notification fired
06/09/2018 11:12:09 PM rising edge on pir
06/09/2018 11:12:09 PM delaying: reseting the timer for a new 300 seconds.
06/09/2018 11:12:09 PM flash notification fired
06/09/2018 11:12:15 PM rising edge on pir
06/09/2018 11:12:15 PM delaying: reseting the timer for a new 300 seconds.
06/09/2018 11:12:19 PM flash notification fired
06/09/2018 11:12:21 PM rising edge on pir
06/09/2018 11:12:21 PM delaying: reseting the timer for a new 300 seconds.
06/09/2018 11:12:21 PM flash notification fired
06/09/2018 11:12:28 PM rising edge on pir
06/09/2018 11:12:28 PM delaying: reseting the timer for a new 300 seconds.
06/09/2018 11:12:28 PM flash notification fired
06/09/2018 11:12:35 PM rising edge on pir
06/09/2018 11:12:35 PM delaying: reseting the timer for a new 300 seconds.
06/09/2018 11:12:35 PM flash notification fired
06/09/2018 11:12:40 PM rising edge on pir
06/09/2018 11:12:40 PM delaying: reseting the timer for a new 300 seconds.
06/09/2018 11:12:40 PM flash notification fired
06/09/2018 11:12:45 PM rising edge on pir
06/09/2018 11:12:45 PM delaying: reseting the timer for a new 300 seconds.
06/09/2018 11:12:45 PM flash notification fired
06/09/2018 11:12:50 PM rising edge on pir
06/09/2018 11:12:50 PM delaying: reseting the timer for a new 300 seconds.
06/09/2018 11:12:50 PM flash notification fired
06/09/2018 11:12:56 PM rising edge on pir
06/09/2018 11:12:56 PM delaying: reseting the timer for a new 300 seconds.
06/09/2018 11:12:57 PM flash notification fired
06/09/2018 11:13:01 PM rising edge on pir
06/09/2018 11:13:01 PM delaying: reseting the timer for a new 300 seconds.
06/09/2018 11:13:01 PM flash notification fired
06/09/2018 11:13:07 PM rising edge on pir
06/09/2018 11:13:07 PM delaying: reseting the timer for a new 300 seconds.
06/09/2018 11:13:07 PM flash notification fired
06/09/2018 11:13:12 PM rising edge on pir
06/09/2018 11:13:12 PM delaying: reseting the timer for a new 300 seconds.
06/09/2018 11:13:13 PM flash notification fired
06/09/2018 11:13:17 PM rising edge on pir
06/09/2018 11:13:17 PM delaying: reseting the timer for a new 300 seconds.
06/09/2018 11:13:17 PM flash notification fired
06/09/2018 11:13:24 PM rising edge on pir
06/09/2018 11:13:24 PM delaying: reseting the timer for a new 300 seconds.
06/09/2018 11:13:24 PM flash notification fired
06/09/2018 11:13:30 PM rising edge on pir
06/09/2018 11:13:30 PM delaying: reseting the timer for a new 300 seconds.
06/09/2018 11:13:30 PM flash notification fired
06/09/2018 11:13:44 PM rising edge on pir
06/09/2018 11:13:44 PM delaying: reseting the timer for a new 300 seconds.
06/09/2018 11:13:44 PM flash notification fired
06/09/2018 11:13:54 PM rising edge on pir
06/09/2018 11:13:54 PM relay on
06/09/2018 11:13:54 PM flash notification fired
06/09/2018 11:14:00 PM rising edge on pir
06/09/2018 11:14:00 PM delaying: reseting the timer for a new 300 seconds.
06/09/2018 11:14:00 PM flash notification fired
06/09/2018 11:14:06 PM rising edge on pir
06/09/2018 11:14:06 PM delaying: reseting the timer for a new 300 seconds.
06/09/2018 11:14:06 PM flash notification fired
06/09/2018 11:14:11 PM rising edge on pir
06/09/2018 11:14:11 PM delaying: reseting the timer for a new 300 seconds.
06/09/2018 11:14:11 PM flash notification fired
06/09/2018 11:14:17 PM rising edge on pir
06/09/2018 11:14:17 PM delaying: reseting the timer for a new 300 seconds.
06/09/2018 11:14:17 PM flash notification fired
06/09/2018 11:14:31 PM rising edge on pir
06/09/2018 11:14:31 PM relay on
06/09/2018 11:14:31 PM flash notification fired
06/09/2018 11:14:39 PM rising edge on pir
06/09/2018 11:14:39 PM delaying: reseting the timer for a new 300 seconds.
06/09/2018 11:14:39 PM flash notification fired
06/09/2018 11:14:44 PM rising edge on pir
06/09/2018 11:14:44 PM delaying: reseting the timer for a new 300 seconds.
06/09/2018 11:14:45 PM flash notification fired
06/09/2018 11:14:49 PM rising edge on pir
06/09/2018 11:14:49 PM delaying: reseting the timer for a new 300 seconds.
06/09/2018 11:14:49 PM flash notification fired
06/09/2018 11:14:54 PM rising edge on pir
06/09/2018 11:14:54 PM delaying: reseting the timer for a new 300 seconds.
06/09/2018 11:14:54 PM flash notification fired
06/09/2018 11:15:01 PM rising edge on pir
06/09/2018 11:15:01 PM delaying: reseting the timer for a new 300 seconds.
06/09/2018 11:15:01 PM flash notification fired
06/09/2018 11:15:10 PM rising edge on pir
06/09/2018 11:15:10 PM delaying: reseting the timer for a new 300 seconds.
06/09/2018 11:15:10 PM flash notification fired
06/09/2018 11:15:22 PM rising edge on pir
06/09/2018 11:15:22 PM delaying: reseting the timer for a new 300 seconds.
06/09/2018 11:15:22 PM flash notification fired
06/09/2018 11:15:42 PM rising edge on pir
06/09/2018 11:15:42 PM delaying: reseting the timer for a new 300 seconds.
06/09/2018 11:15:42 PM flash notification fired
06/09/2018 11:15:47 PM rising edge on pir
06/09/2018 11:15:47 PM delaying: reseting the timer for a new 300 seconds.
06/09/2018 11:15:47 PM flash notification fired
06/09/2018 11:15:55 PM rising edge on pir
06/09/2018 11:15:55 PM delaying: reseting the timer for a new 300 seconds.
06/09/2018 11:15:55 PM flash notification fired
06/09/2018 11:16:03 PM rising edge on pir
06/09/2018 11:16:03 PM delaying: reseting the timer for a new 300 seconds.
06/09/2018 11:16:03 PM flash notification fired
06/09/2018 11:16:13 PM rising edge on pir
06/09/2018 11:16:13 PM delaying: reseting the timer for a new 300 seconds.
06/09/2018 11:16:13 PM flash notification fired
06/09/2018 11:16:23 PM rising edge on pir
06/09/2018 11:16:23 PM delaying: reseting the timer for a new 300 seconds.
06/09/2018 11:16:23 PM flash notification fired
06/09/2018 11:16:33 PM rising edge on pir
06/09/2018 11:16:33 PM delaying: reseting the timer for a new 300 seconds.
06/09/2018 11:16:33 PM flash notification fired
06/09/2018 11:16:42 PM rising edge on pir
06/09/2018 11:16:42 PM delaying: reseting the timer for a new 300 seconds.
06/09/2018 11:16:42 PM flash notification fired
06/09/2018 11:16:54 PM rising edge on pir
06/09/2018 11:16:54 PM delaying: reseting the timer for a new 300 seconds.
06/09/2018 11:16:54 PM flash notification fired
06/09/2018 11:17:05 PM rising edge on pir
06/09/2018 11:17:05 PM delaying: reseting the timer for a new 300 seconds.
06/09/2018 11:17:05 PM flash notification fired
06/09/2018 11:17:11 PM rising edge on pir
06/09/2018 11:17:11 PM delaying: reseting the timer for a new 300 seconds.
06/09/2018 11:17:11 PM flash notification fired
06/09/2018 11:17:23 PM rising edge on pir
06/09/2018 11:17:23 PM relay on
06/09/2018 11:17:23 PM flash notification fired
06/09/2018 11:17:28 PM rising edge on pir
06/09/2018 11:17:28 PM delaying: reseting the timer for a new 300 seconds.
06/09/2018 11:17:28 PM flash notification fired
06/09/2018 11:17:44 PM rising edge on pir
06/09/2018 11:17:44 PM delaying: reseting the timer for a new 300 seconds.
06/09/2018 11:17:44 PM flash notification fired
06/09/2018 11:17:49 PM rising edge on pir
06/09/2018 11:17:49 PM delaying: reseting the timer for a new 300 seconds.
06/09/2018 11:17:49 PM flash notification fired
06/09/2018 11:17:55 PM rising edge on pir
06/09/2018 11:17:55 PM delaying: reseting the timer for a new 300 seconds.
06/09/2018 11:17:55 PM flash notification fired
06/09/2018 11:18:01 PM rising edge on pir
06/09/2018 11:18:01 PM delaying: reseting the timer for a new 300 seconds.
06/09/2018 11:18:01 PM flash notification fired
06/09/2018 11:18:07 PM rising edge on pir
06/09/2018 11:18:07 PM delaying: reseting the timer for a new 300 seconds.
06/09/2018 11:18:07 PM flash notification fired
06/09/2018 11:18:13 PM rising edge on pir
06/09/2018 11:18:13 PM delaying: reseting the timer for a new 300 seconds.
06/09/2018 11:18:13 PM flash notification fired
06/09/2018 11:18:29 PM rising edge on pir
06/09/2018 11:18:29 PM delaying: reseting the timer for a new 300 seconds.
06/09/2018 11:18:29 PM flash notification fired
06/09/2018 11:18:40 PM rising edge on pir
06/09/2018 11:18:40 PM delaying: reseting the timer for a new 300 seconds.
06/09/2018 11:18:40 PM flash notification fired
06/09/2018 11:18:46 PM rising edge on pir
06/09/2018 11:18:47 PM delaying: reseting the timer for a new 300 seconds.
06/09/2018 11:18:47 PM flash notification fired
06/09/2018 11:19:00 PM rising edge on pir
06/09/2018 11:19:00 PM delaying: reseting the timer for a new 300 seconds.
06/09/2018 11:19:00 PM flash notification fired
06/09/2018 11:19:11 PM rising edge on pir
06/09/2018 11:19:11 PM delaying: reseting the timer for a new 300 seconds.
06/09/2018 11:19:11 PM flash notification fired
06/09/2018 11:19:21 PM rising edge on pir
06/09/2018 11:19:21 PM delaying: reseting the timer for a new 300 seconds.
06/09/2018 11:19:21 PM flash notification fired
06/09/2018 11:20:10 PM rising edge on pir
06/09/2018 11:20:10 PM delaying: reseting the timer for a new 300 seconds.
06/09/2018 11:20:10 PM flash notification fired
06/09/2018 11:20:15 PM rising edge on pir
06/09/2018 11:20:15 PM delaying: reseting the timer for a new 300 seconds.
06/09/2018 11:20:16 PM flash notification fired
06/09/2018 11:20:37 PM rising edge on pir
06/09/2018 11:20:37 PM relay on
06/09/2018 11:20:37 PM flash notification fired
06/09/2018 11:20:47 PM relay off
06/09/2018 11:20:52 PM rising edge on pir
06/09/2018 11:20:52 PM relay on
06/09/2018 11:20:52 PM flash notification fired
06/09/2018 11:21:00 PM rising edge on pir
06/09/2018 11:21:02 PM relay off
06/09/2018 11:21:02 PM delaying: reseting the timer for a new 10 seconds.
06/09/2018 11:21:02 PM flash notification fired
06/09/2018 11:21:05 PM rising edge on pir
06/09/2018 11:21:05 PM delaying: reseting the timer for a new 10 seconds.
06/09/2018 11:21:05 PM flash notification fired
06/09/2018 11:21:11 PM rising edge on pir
06/09/2018 11:21:11 PM delaying: reseting the timer for a new 10 seconds.
06/09/2018 11:21:11 PM flash notification fired
06/09/2018 11:21:20 PM rising edge on pir
06/09/2018 11:21:20 PM delaying: reseting the timer for a new 10 seconds.
06/09/2018 11:21:20 PM flash notification fired
06/09/2018 11:21:30 PM relay off
06/09/2018 11:21:46 PM rising edge on pir
06/09/2018 11:21:46 PM relay on
06/09/2018 11:21:46 PM flash notification fired
06/09/2018 11:21:54 PM rising edge on pir
06/09/2018 11:21:54 PM delaying: reseting the timer for a new 10 seconds.
06/09/2018 11:21:54 PM flash notification fired
06/09/2018 11:22:02 PM rising edge on pir
06/09/2018 11:22:02 PM delaying: reseting the timer for a new 10 seconds.
06/09/2018 11:22:02 PM flash notification fired
06/09/2018 11:22:12 PM relay off
06/09/2018 11:22:18 PM rising edge on pir
06/09/2018 11:22:18 PM relay on
06/09/2018 11:22:18 PM flash notification fired
06/09/2018 11:22:28 PM relay off
06/09/2018 11:22:41 PM rising edge on pir
06/09/2018 11:22:41 PM relay on
06/09/2018 11:22:41 PM flash notification fired
06/09/2018 11:22:49 PM rising edge on pir
06/09/2018 11:22:49 PM delaying: reseting the timer for a new 10 seconds.
06/09/2018 11:22:49 PM flash notification fired
06/09/2018 11:22:56 PM rising edge on pir
06/09/2018 11:22:56 PM delaying: reseting the timer for a new 10 seconds.
06/09/2018 11:22:56 PM flash notification fired
06/09/2018 11:23:02 PM rising edge on pir
06/09/2018 11:23:02 PM delaying: reseting the timer for a new 10 seconds.
06/09/2018 11:23:02 PM flash notification fired
06/09/2018 11:23:07 PM rising edge on pir
06/09/2018 11:23:07 PM delaying: reseting the timer for a new 10 seconds.
06/09/2018 11:23:07 PM flash notification fired
06/09/2018 11:23:13 PM rising edge on pir
06/09/2018 11:23:13 PM delaying: reseting the timer for a new 10 seconds.
06/09/2018 11:23:13 PM flash notification fired
06/09/2018 11:23:23 PM relay off
06/09/2018 11:23:27 PM rising edge on pir
06/09/2018 11:23:27 PM relay on
06/09/2018 11:23:27 PM flash notification fired
06/09/2018 11:23:37 PM relay off
06/09/2018 11:23:40 PM rising edge on pir
06/09/2018 11:23:40 PM relay on
06/09/2018 11:23:40 PM flash notification fired
06/09/2018 11:23:48 PM rising edge on pir
06/09/2018 11:23:50 PM relay on
06/09/2018 11:23:50 PM flash notification fired
06/09/2018 11:23:50 PM rising edge on pir
06/09/2018 11:23:50 PM delaying: reseting the timer for a new 300 seconds.
06/09/2018 11:23:50 PM flash notification fired
06/09/2018 11:23:54 PM rising edge on pir
06/09/2018 11:23:54 PM delaying: reseting the timer for a new 300 seconds.
06/09/2018 11:23:54 PM flash notification fired
